2026-07-09T15:17:11: ◇ injected env (15) from .env // tip: ◈ encrypted .env [www.dotenvx.com]
2026-07-09T15:17:11: Athena Flashcards running on 3004
2026-07-09T15:18:18: Warning: TT: undefined function: 21
2026-07-09T15:18:18: Warning: TT: undefined function: 21
2026-07-09T15:25:40: Warning: TT: undefined function: 21
2026-07-09T15:25:40: Warning: TT: undefined function: 21
2026-07-09T15:25:40: Warning: TT: invalid function id: 136
2026-07-09T15:25:40: Warning: TT: invalid function id: 136
2026-07-09T17:07:29: ◇ injected env (15) from .env // tip: ⌘ suppress logs { quiet: true }
2026-07-09T17:07:29: Athena Flashcards running on 3004
2026-07-09T17:15:52: Warning: TT: undefined function: 21
2026-07-09T17:15:52: Warning: TT: undefined function: 21
2026-07-09T17:22:45: Warning: TT: undefined function: 21
2026-07-09T17:22:45: Warning: TT: undefined function: 21
2026-07-09T17:24:16: ◇ injected env (17) from .env // tip: ⌘ enable debugging { debug: true }
2026-07-09T17:24:16: Athena Flashcards running on 3004
2026-07-09T17:38:55: ◇ injected env (17) from .env // tip: ⌁ auth for agents [www.vestauth.com]
2026-07-09T17:38:55: Athena Flashcards running on 3004
2026-07-09T17:40:48: ◇ injected env (19) from .env // tip: ⌘ custom filepath { path: '/custom/path/.env' }
2026-07-09T17:40:48: Athena Flashcards running on 3004
2026-07-09T17:51:28: ◇ injected env (19) from .env // tip: ◈ secrets for agents [www.dotenvx.com]
2026-07-09T17:51:28: Athena Flashcards running on 3004
2026-07-09T17:55:24: ◇ injected env (19) from .env // tip: ◈ encrypted .env [www.dotenvx.com]
2026-07-09T17:55:24: Athena Flashcards running on 3004
2026-07-09T20:23:53: ◇ injected env (19) from .env // tip: ⌘ custom filepath { path: '/custom/path/.env' }
2026-07-09T20:23:53: Athena Flashcards running on 3004
